<?xml version="1.0" encoding="UTF-8"?>
<testsuite name="com.gildedrose.GildedRoseTest" tests="1" skipped="0" failures="0" errors="0" timestamp="2021-01-29T00:26:56" hostname="Jamess-iMac.local" time="0.017">
  <properties/>
  <testcase name="foo()" classname="com.gildedrose.GildedRoseTest" time="0.017"/>
  <system-out><![CDATA[]]></system-out>
  <system-err><![CDATA[]]></system-err>
</testsuite>
